{
  "0 debug pnpm:scope": {
    "selected": 1,
    "workspacePrefix": "/apps/web3_access_protocol/neutrino/hyperverse-mono"
  },
  "1 error pnpm": {
    "errno": 1,
    "code": "ELIFECYCLE",
    "pkgid": "@decentology/hyperverse-evm-erc1155@1.0.7",
    "stage": "deploy-ethereum",
    "script": "hardhat run scripts/deploy.js --network ethereum ",
    "pkgname": "@decentology/hyperverse-evm-erc1155",
    "err": {
      "name": "pnpm",
      "message": "@decentology/hyperverse-evm-erc1155@1.0.7 deploy-ethereum: `hardhat run scripts/deploy.js --network ethereum `\nExit status 1",
      "code": "ELIFECYCLE",
      "stack": "pnpm: @decentology/hyperverse-evm-erc1155@1.0.7 deploy-ethereum: `hardhat run scripts/deploy.js --network ethereum `\nExit status 1\n    at EventEmitter.<anonymous> (/usr/local/lib/node_modules/pnpm/dist/pnpm.cjs:107358:20)\n    at EventEmitter.emit (node:events:527:28)\n    at ChildProcess.<anonymous> (/usr/local/lib/node_modules/pnpm/dist/pnpm.cjs:93924:18)\n    at ChildProcess.emit (node:events:527:28)\n    at maybeClose (node:internal/child_process:1092:16)\n    at Process.ChildProcess._handle.onexit (node:internal/child_process:302:5)"
    }
  }
}